WdgMtb: ACCESS solid_surf_rg@EXTRUSION is AVAILABLE (CB)
WdgMtb: ACCESS remove_material_popup@extrev_feature_popup@EXTRUSION is invisible (UI)
WdgMtb: ACCESS thick_sketch_popup@extrev_feature_popup@EXTRUSION is AVAILABLE (CB)
WdgMtb: ACCESS DefineRmbBtn@extrev_feature_popup@EXTRUSION is invisible (UI)
WdgMtb: ACCESS SketchRmbBtn@extrev_feature_popup@EXTRUSION is AVAILABLE (CB)
WdgMtb: ACCESS add_draft_popup@extrev_feature_popup@EXTRUSION is AVAILABLE (CB)
WdgMtb: ACCESS cap_cb@EXTRUSION is unavailable (CB)
WdgMtb: ACCESS solid_surf_rg@EXTRUSION is AVAILABLE (CB)
WdgMtb: ACCESS remove_material_popup@extrev_feature_popup@EXTRUSION is invisible (UI)
WdgMtb: ACCESS thick_sketch_popup@extrev_feature_popup@EXTRUSION is AVAILABLE (CB)
WdgMtb: ACCESS DefineRmbBtn@extrev_feature_popup@EXTRUSION is invisible (UI)
WdgMtb: ACCESS SketchRmbBtn@extrev_feature_popup@EXTRUSION is AVAILABLE (CB)
WdgMtb: ACCESS add_draft_popup@extrev_feature_popup@EXTRUSION is AVAILABLE (CB)
WdgMtb: ACCESS cap_cb@EXTRUSION is unavailable (CB)
WdgMtb: ACCESS solid_surf_rg@EXTRUSION is AVAILABLE (CB)
WdgMtb: ACCESS remove_material_popup@extrev_feature_popup@EXTRUSION is invisible (UI)
WdgMtb: ACCESS thick_sketch_popup@extrev_feature_popup@EXTRUSION is AVAILABLE (CB)
WdgMtb: ACCESS DefineRmbBtn@extrev_feature_popup@EXTRUSION is invisible (UI)
WdgMtb: ACCESS SketchRmbBtn@extrev_feature_popup@EXTRUSION is AVAILABLE (CB)
WdgMtb: ACCESS add_draft_popup@extrev_feature_popup@EXTRUSION is AVAILABLE (CB)
WdgMtb: ACCESS cap_cb@EXTRUSION is unavailable (CB)
WdgMtb: ACCESS solid_surf_rg@EXTRUSION is AVAILABLE (CB)
WdgMtb: ACCESS remove_material_popup@extrev_feature_popup@EXTRUSION is invisible (UI)
WdgMtb: ACCESS thick_sketch_popup@extrev_feature_popup@EXTRUSION is AVAILABLE (CB)
WdgMtb: ACCESS DefineRmbBtn@extrev_feature_popup@EXTRUSION is invisible (UI)
WdgMtb: ACCESS SketchRmbBtn@extrev_feature_popup@EXTRUSION is AVAILABLE (CB)
WdgMtb: ACCESS add_draft_popup@extrev_feature_popup@EXTRUSION is AVAILABLE (CB)
WdgMtb: ACCESS cap_cb@EXTRUSION is unavailable (CB)
WdgMtb: ACCESS solid_surf_rg@EXTRUSION is AVAILABLE (CB)
WdgMtb: ACCESS remove_material_popup@extrev_feature_popup@EXTRUSION is invisible (UI)
WdgMtb: ACCESS thick_sketch_popup@extrev_feature_popup@EXTRUSION is AVAILABLE (CB)
WdgMtb: ACCESS DefineRmbBtn@extrev_feature_popup@EXTRUSION is invisible (UI)
WdgMtb: ACCESS SketchRmbBtn@extrev_feature_popup@EXTRUSION is AVAILABLE (CB)
WdgMtb: ACCESS add_draft_popup@extrev_feature_popup@EXTRUSION is AVAILABLE (CB)
WdgMtb: ACCESS cap_cb@EXTRUSION is unavailable (CB)
WdgMtb: ACCESS Conic@ROUND is AVAILABLE (CB)
WdgMtb: ACCESS Conic@ROUND is AVAILABLE (CB)
WdgMtb: ACCESS Conic@ROUND is AVAILABLE (CB)
WdgMtb: ACCESS Conic@ROUND is AVAILABLE (CB)
WdgMtb: ACCESS roundflip@ROUND is unavailable (CB)
WdgMtb: ACCESS Conic@ROUND is AVAILABLE (CB)
WdgMtb: ACCESS roundflip@ROUND is unavailable (CB)
WdgMtb: ACCESS Conic@ROUND is AVAILABLE (CB)
WdgMtb: ACCESS Conic@ROUND is AVAILABLE (CB)
WdgMtb: ACCESS Conic@ROUND is AVAILABLE (CB)
WdgMtb: ACCESS roundflip@ROUND is unavailable (CB)
drag3d: ORIG (0.000000, -5.053339, 0.000000)
drag3d: POS  (0.000000, -5.053339, 0.000000)
drag3d: ORIG (0.000000, -5.053339, 0.000000)
drag3d: POS  (0.000000, -5.053339, 0.000000)
drag3d: ORIG (0.000000, -5.053339, 0.000000)
drag3d: POS  (0.000000, 7.466579, 0.000000)
drag3d: ORIG (0.000000, -5.053339, 0.000000)
drag3d: POS  (0.000000, 7.466579, 0.000000)
drag3d: ORIG (0.000000, -5.053339, 0.000000)
drag3d: POS  (4.209980, 7.466579, 64.013258)
drag3d: ORIG (0.000000, -5.053339, 0.000000)
drag3d: POS  (4.209980, 7.466579, 64.013258)
drag3d: ORIG (0.000000, -5.053339, 0.000000)
drag3d: POS  (0.000000, -5.053339, 0.000000)
drag3d: ORIG (0.000000, -5.053339, 0.000000)
drag3d: POS  (-0.488196, -5.053339, 0.000000)
drag3d: ORIG (0.000000, -5.053339, 0.000000)
drag3d: POS  (-0.488196, -3.784391, 0.000000)
drag3d: ORIG (0.000000, -5.053339, 0.000000)
drag3d: POS  (-0.488196, -3.784391, 2.035370)
drag3d: ORIG (0.000000, -5.053339, 0.000000)
drag3d: POS  (-0.488196, -3.784391, 2.035370)
drag3d: ORIG (0.000000, -5.053339, 0.000000)
drag3d: POS  (-0.488196, -3.784391, 2.035370)
drag3d: ORIG (0.000000, -5.053339, 0.000000)
drag3d: POS  (-0.488196, -3.784391, 2.035370)
drag3d: ORIG (0.000000, -5.053339, 0.000000)
drag3d: POS  (-0.488196, -3.784391, 2.035370)
drag3d: ORIG (-2.500000, -2.585893, 30.481360)
drag3d: POS  (-3.126025, 1.153959, 32.203336)
drag3d: ORIG (-2.500000, -2.585893, 30.481360)
drag3d: POS  (-0.915231, 1.280900, 32.192353)
drag3d: ORIG (-2.500000, -2.585893, 30.481360)
drag3d: POS  (-0.915231, 1.280900, 32.192353)
WdgMtb: ACCESS Conic@ROUND is AVAILABLE (CB)
WdgMtb: ACCESS Conic@ROUND is AVAILABLE (CB)
WdgMtb: ACCESS Conic@ROUND is AVAILABLE (CB)
WdgMtb: ACCESS Conic@ROUND is AVAILABLE (CB)
WdgMtb: ACCESS roundflip@ROUND is unavailable (CB)
WdgMtb: ACCESS Conic@ROUND is AVAILABLE (CB)
WdgMtb: ACCESS roundflip@ROUND is unavailable (CB)
WdgMtb: ACCESS Conic@ROUND is AVAILABLE (CB)
WdgMtb: ACCESS Conic@ROUND is AVAILABLE (CB)
WdgMtb: ACCESS Conic@ROUND is AVAILABLE (CB)
WdgMtb: ACCESS Conic@ROUND is AVAILABLE (CB)
WdgMtb: ACCESS roundflip@ROUND is unavailable (CB)
WdgMtb: ACCESS Conic@ROUND is AVAILABLE (CB)
WdgMtb: ACCESS roundflip@ROUND is unavailable (CB)
WdgMtb: ACCESS Conic@ROUND is AVAILABLE (CB)
WdgMtb: ACCESS roundflip@ROUND is unavailable (CB)
WdgMtb: ACCESS Conic@ROUND is AVAILABLE (CB)
WdgMtb: ACCESS roundflip@ROUND is unavailable (CB)
WdgMtb: ACCESS ui_hle_light_wt_cbut@HOLE is AVAILABLE (CB)
WdgMtb: ACCESS HlemnuDepthToFlip@HoleDepRefRMBMenu@HOLE is AVAILABLE (CB)
WdgMtb: ACCESS ui_hole_plcmnt_type_omnu@HOLE is AVAILABLE (CB)
WdgMtb: ACCESS ui_hole_plcmnt_type_omnu@HOLE is AVAILABLE (CB)
WdgMtb: ACCESS ui_hole_plc_dir_omnu@ui_hole_plc_dir_opt_omnu@HOLE is unavailable (CB)
WdgMtb: ACCESS ui_hole_plc_dir_omnu@ui_hole_plc_dir_opt_omnu@HOLE is unavailable (CB)
WdgMtb: ACCESS ui_hole_plcmnt_type_omnu@HOLE is AVAILABLE (CB)
WdgMtb: ACCESS ui_hole_plc_dir_omnu@ui_hole_plc_dir_opt_omnu@HOLE is unavailable (CB)
WdgMtb: ACCESS ui_hole_plcmnt_type_omnu@HOLE is AVAILABLE (CB)
WdgMtb: ACCESS ui_hole_plcmnt_type_omnu@HOLE is AVAILABLE (CB)
WdgMtb: ACCESS ui_hole_plc_dir_omnu@ui_hole_plc_dir_opt_omnu@HOLE is unavailable (CB)
WdgMtb: ACCESS ui_hole_plc_dir_omnu@ui_hole_plc_dir_opt_omnu@HOLE is unavailable (CB)
WdgMtb: ACCESS ui_hle_top_clrn_cbut@ui_hole_top_clrn_rep@HOLE is AVAILABLE (CB)
WdgMtb: ACCESS ui_hle_light_wt_cbut@HOLE is AVAILABLE (CB)
WdgMtb: ACCESS HlemnuDepthToFlip@HoleDepRefRMBMenu@HOLE is AVAILABLE (CB)
WdgMtb: ACCESS ui_hole_plcmnt_type_omnu@HOLE is AVAILABLE (CB)
WdgMtb: ACCESS ui_hole_plc_dir_omnu@ui_hole_plc_dir_opt_omnu@HOLE is unavailable (CB)
WdgMtb: ACCESS ui_hle_top_clrn_cbut@ui_hole_top_clrn_rep@HOLE is AVAILABLE (CB)
WdgMtb: ACCESS ui_hle_light_wt_cbut@HOLE is AVAILABLE (CB)
WdgMtb: ACCESS HlemnuDepthToFlip@HoleDepRefRMBMenu@HOLE is AVAILABLE (CB)
WdgMtb: ACCESS ui_hole_plcmnt_type_omnu@HOLE is AVAILABLE (CB)
WdgMtb: ACCESS ui_hole_plc_dir_omnu@ui_hole_plc_dir_opt_omnu@HOLE is unavailable (CB)
WdgMtb: ACCESS ui_hle_top_clrn_cbut@ui_hole_top_clrn_rep@HOLE is AVAILABLE (CB)
WdgMtb: ACCESS ui_hle_light_wt_cbut@HOLE is AVAILABLE (CB)
WdgMtb: ACCESS HlemnuDepthToFlip@HoleDepRefRMBMenu@HOLE is AVAILABLE (CB)
WdgMtb: ACCESS ui_hole_plcmnt_type_omnu@HOLE is AVAILABLE (CB)
WdgMtb: ACCESS ui_hole_plc_dir_omnu@ui_hole_plc_dir_opt_omnu@HOLE is unavailable (CB)
WdgMtb: ACCESS ui_hle_top_clrn_cbut@ui_hole_top_clrn_rep@HOLE is AVAILABLE (CB)
WdgMtb: ACCESS ui_hole_plcmnt_type_omnu@HOLE is AVAILABLE (CB)
WdgMtb: ACCESS ui_hle_light_wt_cbut@HOLE is AVAILABLE (CB)
WdgMtb: ACCESS HlemnuDepthToFlip@HoleDepRefRMBMenu@HOLE is AVAILABLE (CB)
WdgMtb: ACCESS ui_hole_plcmnt_type_omnu@HOLE is AVAILABLE (CB)
WdgMtb: ACCESS ui_hole_plc_dir_omnu@ui_hole_plc_dir_opt_omnu@HOLE is unavailable (CB)
WdgMtb: ACCESS ui_hle_top_clrn_cbut@ui_hole_top_clrn_rep@HOLE is AVAILABLE (CB)
WdgMtb: ACCESS ui_hle_light_wt_cbut@HOLE is AVAILABLE (CB)
WdgMtb: ACCESS HlemnuDepthToFlip@HoleDepRefRMBMenu@HOLE is AVAILABLE (CB)
WdgMtb: ACCESS ui_hole_plcmnt_type_omnu@HOLE is AVAILABLE (CB)
WdgMtb: ACCESS ui_hole_plc_dir_omnu@ui_hole_plc_dir_opt_omnu@HOLE is unavailable (CB)
WdgMtb: ACCESS ui_hle_top_clrn_cbut@ui_hole_top_clrn_rep@HOLE is AVAILABLE (CB)
WdgMtb: ACCESS ui_hle_light_wt_cbut@HOLE is AVAILABLE (CB)
WdgMtb: ACCESS HlemnuDepthToFlip@HoleDepRefRMBMenu@HOLE is AVAILABLE (CB)
WdgMtb: ACCESS ui_hole_plcmnt_type_omnu@HOLE is AVAILABLE (CB)
WdgMtb: ACCESS ui_hole_plc_dir_omnu@ui_hole_plc_dir_opt_omnu@HOLE is unavailable (CB)
WdgMtb: ACCESS ui_hle_top_clrn_cbut@ui_hole_top_clrn_rep@HOLE is AVAILABLE (CB)
WdgMtb: ACCESS ui_hle_light_wt_cbut@HOLE is AVAILABLE (CB)
WdgMtb: ACCESS HlemnuDepthToFlip@HoleDepRefRMBMenu@HOLE is AVAILABLE (CB)
WdgMtb: ACCESS ui_hole_plcmnt_type_omnu@HOLE is AVAILABLE (CB)
WdgMtb: ACCESS ui_hole_plc_dir_omnu@ui_hole_plc_dir_opt_omnu@HOLE is unavailable (CB)
WdgMtb: ACCESS ui_hle_top_clrn_cbut@ui_hole_top_clrn_rep@HOLE is AVAILABLE (CB)
WdgMtb: ACCESS ui_hle_light_wt_cbut@HOLE is AVAILABLE (CB)
WdgMtb: ACCESS HlemnuDepthToFlip@HoleDepRefRMBMenu@HOLE is AVAILABLE (CB)
WdgMtb: ACCESS ui_hole_plcmnt_type_omnu@HOLE is AVAILABLE (CB)
WdgMtb: ACCESS ui_hole_plc_dir_omnu@ui_hole_plc_dir_opt_omnu@HOLE is unavailable (CB)
WdgMtb: ACCESS ui_hle_top_clrn_cbut@ui_hole_top_clrn_rep@HOLE is AVAILABLE (CB)
WdgMtb: ACCESS ui_hle_light_wt_cbut@HOLE is AVAILABLE (CB)
WdgMtb: ACCESS HlemnuDepthToFlip@HoleDepRefRMBMenu@HOLE is AVAILABLE (CB)
WdgMtb: ACCESS ui_hole_plcmnt_type_omnu@HOLE is AVAILABLE (CB)
WdgMtb: ACCESS ui_hole_plc_dir_omnu@ui_hole_plc_dir_opt_omnu@HOLE is unavailable (CB)
WdgMtb: ACCESS ui_hle_top_clrn_cbut@ui_hole_top_clrn_rep@HOLE is AVAILABLE (CB)
WdgMtb: ACCESS ui_hole_plcmnt_type_omnu@HOLE is AVAILABLE (CB)
WdgMtb: ACCESS ui_hle_light_wt_cbut@HOLE is AVAILABLE (CB)
WdgMtb: ACCESS HlemnuDepthToFlip@HoleDepRefRMBMenu@HOLE is AVAILABLE (CB)
WdgMtb: ACCESS ui_hole_plcmnt_type_omnu@HOLE is AVAILABLE (CB)
WdgMtb: ACCESS ui_hole_plc_dir_omnu@ui_hole_plc_dir_opt_omnu@HOLE is unavailable (CB)
WdgMtb: ACCESS ui_hle_top_clrn_cbut@ui_hole_top_clrn_rep@HOLE is AVAILABLE (CB)
WdgMtb: ACCESS ui_hle_light_wt_cbut@HOLE is AVAILABLE (CB)
WdgMtb: ACCESS HlemnuDepthToFlip@HoleDepRefRMBMenu@HOLE is AVAILABLE (CB)
WdgMtb: ACCESS ui_hole_plcmnt_type_omnu@HOLE is AVAILABLE (CB)
WdgMtb: ACCESS ui_hole_plc_dir_omnu@ui_hole_plc_dir_opt_omnu@HOLE is unavailable (CB)
WdgMtb: ACCESS ui_hle_top_clrn_cbut@ui_hole_top_clrn_rep@HOLE is AVAILABLE (CB)
WdgMtb: ACCESS ui_hle_light_wt_cbut@HOLE is AVAILABLE (CB)
WdgMtb: ACCESS HlemnuDepthToFlip@HoleDepRefRMBMenu@HOLE is AVAILABLE (CB)
WdgMtb: ACCESS ui_hole_plcmnt_type_omnu@HOLE is AVAILABLE (CB)
WdgMtb: ACCESS ui_hole_plc_dir_omnu@ui_hole_plc_dir_opt_omnu@HOLE is unavailable (CB)
WdgMtb: ACCESS ui_hle_top_clrn_cbut@ui_hole_top_clrn_rep@HOLE is AVAILABLE (CB)
WdgMtb: ACCESS ui_hle_light_wt_cbut@HOLE is AVAILABLE (CB)
WdgMtb: ACCESS HlemnuDepthToFlip@HoleDepRefRMBMenu@HOLE is AVAILABLE (CB)
WdgMtb: ACCESS ui_hole_plcmnt_type_omnu@HOLE is AVAILABLE (CB)
WdgMtb: ACCESS ui_hole_plc_dir_omnu@ui_hole_plc_dir_opt_omnu@HOLE is unavailable (CB)
WdgMtb: ACCESS ui_hle_top_clrn_cbut@ui_hole_top_clrn_rep@HOLE is AVAILABLE (CB)
WdgMtb: ACCESS ui_hle_light_wt_cbut@HOLE is AVAILABLE (CB)
WdgMtb: ACCESS HlemnuDepthToFlip@HoleDepRefRMBMenu@HOLE is AVAILABLE (CB)
WdgMtb: ACCESS ui_hole_plcmnt_type_omnu@HOLE is AVAILABLE (CB)
WdgMtb: ACCESS ui_hole_plc_dir_omnu@ui_hole_plc_dir_opt_omnu@HOLE is unavailable (CB)
WdgMtb: ACCESS ui_hle_top_clrn_cbut@ui_hole_top_clrn_rep@HOLE is AVAILABLE (CB)
WdgMtb: ACCESS ui_hle_light_wt_cbut@HOLE is AVAILABLE (CB)
WdgMtb: ACCESS HlemnuDepthToFlip@HoleDepRefRMBMenu@HOLE is AVAILABLE (CB)
WdgMtb: ACCESS ui_hole_plcmnt_type_omnu@HOLE is AVAILABLE (CB)
WdgMtb: ACCESS ui_hole_plc_dir_omnu@ui_hole_plc_dir_opt_omnu@HOLE is unavailable (CB)
WdgMtb: ACCESS ui_hle_top_clrn_cbut@ui_hole_top_clrn_rep@HOLE is AVAILABLE (CB)
WdgMtb: ACCESS ui_hle_light_wt_cbut@HOLE is AVAILABLE (CB)
WdgMtb: ACCESS HlemnuDepthToFlip@HoleDepRefRMBMenu@HOLE is AVAILABLE (CB)
WdgMtb: ACCESS ui_hole_plcmnt_type_omnu@HOLE is AVAILABLE (CB)
WdgMtb: ACCESS ui_hole_plc_dir_omnu@ui_hole_plc_dir_opt_omnu@HOLE is unavailable (CB)
WdgMtb: ACCESS ui_hle_top_clrn_cbut@ui_hole_top_clrn_rep@HOLE is AVAILABLE (CB)
WdgMtb: ACCESS ui_hole_plcmnt_type_omnu@HOLE is invisible (UI)
WdgMtb: ACCESS shp_str_hole_to_dep_typ_omnu@HOLE is AVAILABLE (CB)
WdgMtb: ACCESS shp_str_hole_to_dep_typ_omnu@HOLE is AVAILABLE (CB)
WdgMtb: ACCESS shp_str_hole_to_dep_typ_omnu@HOLE is AVAILABLE (CB)
WdgMtb: ACCESS shp_str_hole_to_dep_typ_omnu@HOLE is AVAILABLE (CB)
WdgMtb: ACCESS shp_str_hole_to_dep_typ_omnu@HOLE is AVAILABLE (CB)
WdgMtb: ACCESS shp_str_hole_to_dep_typ_omnu@HOLE is AVAILABLE (CB)
WdgMtb: ACCESS shp_str_hole_to_dep_typ_omnu@HOLE is AVAILABLE (CB)
WdgMtb: ACCESS shp_str_hole_to_dep_typ_omnu@HOLE is AVAILABLE (CB)
WdgMtb: ACCESS shp_str_hole_to_dep_typ_omnu@HOLE is AVAILABLE (CB)
WdgMtb: ACCESS shp_str_hole_to_dep_typ_omnu@HOLE is AVAILABLE (CB)
WdgMtb: ACCESS shp_str_hole_to_dep_typ_omnu@HOLE is AVAILABLE (CB)
WdgMtb: ACCESS shp_str_hole_to_dep_typ_omnu@HOLE is AVAILABLE (CB)
WdgMtb: ACCESS shp_str_hole_to_dep_typ_omnu@HOLE is AVAILABLE (CB)
WdgMtb: ACCESS shp_str_hole_to_dep_typ_omnu@HOLE is AVAILABLE (CB)
WdgMtb: ACCESS shp_str_hole_to_dep_typ_omnu@HOLE is AVAILABLE (CB)
gdi32_comm_shutdown wait for polling thread timed out.
